<?xml version="1.0" encoding="UTF-8"?>
<!-- Generated by org.testng.reporters.JUnitXMLReporter -->
<testsuite ignored="0" hostname="DESKTOP-8T4D3JD" failures="1" tests="4" name="Test" time="244.327" errors="0" timestamp="2024-08-13T16:36:39 IST">
  <testcase classname="com.test.HomepageTest" name="testClickSignIn" time="32.889"/>
  <testcase classname="com.test.ProductPageTest" name="testPrintProductDetails" time="0.261">
    <failure type="java.lang.IndexOutOfBoundsException" message="Index 0 out of bounds for length 0">
      <![CDATA[java.lang.IndexOutOfBoundsException: Index 0 out of bounds for length 0
at java.base/jdk.internal.util.Preconditions.outOfBounds(Preconditions.java:100)
at java.base/jdk.internal.util.Preconditions.outOfBoundsCheckIndex(Preconditions.java:106)
at java.base/jdk.internal.util.Preconditions.checkIndex(Preconditions.java:302)
at java.base/java.util.Objects.checkIndex(Objects.java:385)
at java.base/java.util.ArrayList.get(ArrayList.java:427)
at org.openqa.selenium.support.pagefactory.internal.LocatingElementListHandler.invoke(LocatingElementListHandler.java:39)
at jdk.proxy2/jdk.proxy2.$Proxy16.get(Unknown Source)
at com.pom.ProductPage.printProductDetails(ProductPage.java:30)
at com.test.ProductPageTest.testPrintProductDetails(ProductPageTest.java:26)
at java.base/java.util.ArrayList.forEach(ArrayList.java:1511)
... Removed 27 stack frames]]>
    </failure>
  </testcase> <!-- testPrintProductDetails -->
  <testcase classname="com.test.LoginTest" name="testInvalidLogin" time="2.288"/>
  <testcase classname="com.test.LoginTest" name="testLogin1" time="1.038"/>
</testsuite> <!-- Test -->
