<?xml version="1.0" encoding="UTF-8"?>
<testng-results ignored="0" total="4" passed="3" failed="1" skipped="0">
  <reporter-output>
  </reporter-output>
  <suite started-at="2024-08-13T14:50:53 IST" name="Suite" finished-at="2024-08-13T14:51:28 IST" duration-ms="34764">
    <groups>
    </groups>
    <test started-at="2024-08-13T14:50:53 IST" name="Test" finished-at="2024-08-13T14:51:28 IST" duration-ms="34764">
      <class name="com.test.ProductPageTest">
        <test-method is-config="true" signature="setUp()[pri:0, instance:com.test.ProductPageTest@5e2c3d18]" started-at="2024-08-13T14:51:09 IST" name="setUp" finished-at="2024-08-13T14:51:16 IST" duration-ms="6947" status="PASS">
          <reporter-output>
          </reporter-output>
        </test-method> <!-- setUp -->
        <test-method signature="testPrintProductDetails()[pri:0, instance:com.test.ProductPageTest@5e2c3d18]" started-at="2024-08-13T14:51:16 IST" name="testPrintProductDetails" finished-at="2024-08-13T14:51:17 IST" duration-ms="575" status="FAIL">
          <exception class="java.lang.IndexOutOfBoundsException">
            <message>
              <![CDATA[Index 0 out of bounds for length 0]]>
            </message>
            <full-stacktrace>
              <![CDATA[java.lang.IndexOutOfBoundsException: Index 0 out of bounds for length 0
at java.base/jdk.internal.util.Preconditions.outOfBounds(Preconditions.java:100)
at java.base/jdk.internal.util.Preconditions.outOfBoundsCheckIndex(Preconditions.java:106)
at java.base/jdk.internal.util.Preconditions.checkIndex(Preconditions.java:302)
at java.base/java.util.Objects.checkIndex(Objects.java:385)
at java.base/java.util.ArrayList.get(ArrayList.java:427)
at java.base/jdk.internal.reflect.DirectMethodHandleAccessor.invoke(DirectMethodHandleAccessor.java:104)
at java.base/java.lang.reflect.Method.invoke(Method.java:578)
at org.openqa.selenium.support.pagefactory.internal.LocatingElementListHandler.invoke(LocatingElementListHandler.java:39)
at jdk.proxy2/jdk.proxy2.$Proxy16.get(Unknown Source)
at com.pom.ProductPage.printProductDetails(ProductPage.java:30)
at com.test.ProductPageTest.testPrintProductDetails(ProductPageTest.java:26)
at java.base/jdk.internal.reflect.DirectMethodHandleAccessor.invoke(DirectMethodHandleAccessor.java:104)
at java.base/java.lang.reflect.Method.invoke(Method.java:578)
at org.testng.internal.MethodInvocationHelper.invokeMethod(MethodInvocationHelper.java:133)
at org.testng.internal.TestInvoker.invokeMethod(TestInvoker.java:598)
at org.testng.internal.TestInvoker.invokeTestMethod(TestInvoker.java:173)
at org.testng.internal.MethodRunner.runInSequence(MethodRunner.java:46)
at org.testng.internal.TestInvoker$MethodInvocationAgent.invoke(TestInvoker.java:824)
at org.testng.internal.TestInvoker.invokeTestMethods(TestInvoker.java:146)
at org.testng.internal.TestMethodWorker.invokeTestMethods(TestMethodWorker.java:146)
at org.testng.internal.TestMethodWorker.run(TestMethodWorker.java:128)
at java.base/java.util.ArrayList.forEach(ArrayList.java:1511)
at org.testng.TestRunner.privateRun(TestRunner.java:794)
at org.testng.TestRunner.run(TestRunner.java:596)
at org.testng.SuiteRunner.runTest(SuiteRunner.java:377)
at org.testng.SuiteRunner.runSequentially(SuiteRunner.java:371)
at org.testng.SuiteRunner.privateRun(SuiteRunner.java:332)
at org.testng.SuiteRunner.run(SuiteRunner.java:276)
at org.testng.SuiteRunnerWorker.runSuite(SuiteRunnerWorker.java:53)
at org.testng.SuiteRunnerWorker.run(SuiteRunnerWorker.java:96)
at org.testng.TestNG.runSuitesSequentially(TestNG.java:1212)
at org.testng.TestNG.runSuitesLocally(TestNG.java:1134)
at org.testng.TestNG.runSuites(TestNG.java:1063)
at org.testng.TestNG.run(TestNG.java:1031)
at org.testng.remote.AbstractRemoteTestNG.run(AbstractRemoteTestNG.java:115)
at org.testng.remote.RemoteTestNG.initAndRun(RemoteTestNG.java:293)
at org.testng.remote.RemoteTestNG.main(RemoteTestNG.java:91)
]]>
            </full-stacktrace>
          </exception> <!-- java.lang.IndexOutOfBoundsException -->
          <reporter-output>
          </reporter-output>
        </test-method> <!-- testPrintProductDetails -->
        <test-method is-config="true" signature="tearDown()[pri:0, instance:com.test.ProductPageTest@5e2c3d18]" started-at="2024-08-13T14:51:17 IST" name="tearDown" finished-at="2024-08-13T14:51:17 IST" duration-ms="256" status="PASS">
          <reporter-output>
          </reporter-output>
        </test-method> <!-- tearDown -->
      </class> <!-- com.test.ProductPageTest -->
      <class name="com.test.HomepageTest">
        <test-method is-config="true" signature="setUp()[pri:0, instance:com.test.HomepageTest@7a35b0f5]" started-at="2024-08-13T14:50:53 IST" name="setUp" finished-at="2024-08-13T14:51:05 IST" duration-ms="12045" status="PASS">
          <reporter-output>
          </reporter-output>
        </test-method> <!-- setUp -->
        <test-method signature="testClickSignIn()[pri:0, instance:com.test.HomepageTest@7a35b0f5]" started-at="2024-08-13T14:51:05 IST" name="testClickSignIn" finished-at="2024-08-13T14:51:09 IST" duration-ms="3407" status="PASS">
          <reporter-output>
          </reporter-output>
        </test-method> <!-- testClickSignIn -->
        <test-method is-config="true" signature="tearDown()[pri:0, instance:com.test.HomepageTest@7a35b0f5]" started-at="2024-08-13T14:51:09 IST" name="tearDown" finished-at="2024-08-13T14:51:09 IST" duration-ms="411" status="PASS">
          <reporter-output>
          </reporter-output>
        </test-method> <!-- tearDown -->
      </class> <!-- com.test.HomepageTest -->
      <class name="com.test.LoginTest">
        <test-method is-config="true" signature="setUp()[pri:0, instance:com.test.LoginTest@2cb4893b]" started-at="2024-08-13T14:51:17 IST" name="setUp" finished-at="2024-08-13T14:51:24 IST" duration-ms="6998" status="PASS">
          <reporter-output>
          </reporter-output>
        </test-method> <!-- setUp -->
        <test-method signature="testInvalidLogin()[pri:0, instance:com.test.LoginTest@2cb4893b]" started-at="2024-08-13T14:51:24 IST" name="testInvalidLogin" finished-at="2024-08-13T14:51:27 IST" duration-ms="2818" status="PASS">
          <reporter-output>
          </reporter-output>
        </test-method> <!-- testInvalidLogin -->
        <test-method signature="testLogin1()[pri:0, instance:com.test.LoginTest@2cb4893b]" started-at="2024-08-13T14:51:27 IST" name="testLogin1" finished-at="2024-08-13T14:51:28 IST" duration-ms="793" status="PASS">
          <reporter-output>
          </reporter-output>
        </test-method> <!-- testLogin1 -->
        <test-method is-config="true" signature="tearDown()[pri:0, instance:com.test.LoginTest@2cb4893b]" started-at="2024-08-13T14:51:28 IST" name="tearDown" finished-at="2024-08-13T14:51:28 IST" duration-ms="372" status="PASS">
          <reporter-output>
          </reporter-output>
        </test-method> <!-- tearDown -->
      </class> <!-- com.test.LoginTest -->
    </test> <!-- Test -->
  </suite> <!-- Suite -->
</testng-results>
